
Showing logs for build [32mcb-kubecd-environment-pr-177-15-b7qtf-1[0m stage [32mfrom-build-pack[0m and container [32mstep-credential-initializer-gvj4d[0m
{"level":"warn","ts":1583822359.96293,"logger":"fallback-logger","caller":"logging/config.go:69","msg":"Fetch GitHub commit ID from kodata failed: \"ref: refs/heads/0.8.0-**-support-backwards-incompats\" is not a valid GitHub commit ID"}
{"level":"info","ts":1583822359.9638686,"logger":"fallback-logger","caller":"creds-init/main.go:40","msg":"Credentials initialized."}

Showing logs for build [32mcb-kubecd-environment-pr-177-15-b7qtf-1[0m stage [32mfrom-build-pack[0m and container [32mstep-working-dir-initializer-5ftzf[0m
{"level":"warn","ts":1583822360.9654577,"logger":"fallback-logger","caller":"logging/config.go:69","msg":"Fetch GitHub commit ID from kodata failed: open /var/run/ko/HEAD: no such file or directory"}
{"level":"info","ts":1583822360.9679163,"logger":"fallback-logger","caller":"bash/main.go:64","msg":"Successfully executed command \"sh -c mkdir -p /workspace/source\"; output "}

Showing logs for build [32mcb-kubecd-environment-pr-177-15-b7qtf-1[0m stage [32mfrom-build-pack[0m and container [32mstep-place-tools[0m

Showing logs for build [32mcb-kubecd-environment-pr-177-15-b7qtf-1[0m stage [32mfrom-build-pack[0m and container [32mstep-git-source-cb-kubecd-environment-pr-177-15-b7qtf-vhwn4[0m
{"level":"warn","ts":1583822387.9801867,"logger":"fallback-logger","caller":"logging/config.go:69","msg":"Fetch GitHub commit ID from kodata failed: \"ref: refs/heads/0.8.0-**-support-backwards-incompats\" is not a valid GitHub commit ID"}
{"level":"info","ts":1583822389.1046555,"logger":"fallback-logger","caller":"git/git.go:103","msg":"Successfully cloned https://github.com/cb-kubecd/environment-pr-177-153-boot-gke-production.git @ master in path /workspace/source"}

Showing logs for build [32mcb-kubecd-environment-pr-177-15-b7qtf-1[0m stage [32mfrom-build-pack[0m and container [32mstep-git-merge[0m
Using SHAs from PULL_REFS=master:9ffdad1900bf397e85e2f583e74f92aba84b7380,1:82390a2a6c4c271278946d76adeef6f8c6aff042
DEBUG: LC_ALL=C JX_LOG_LEVEL=error git fetch origin --unshallow 82390a2a6c4c271278946d76adeef6f8c6aff042: 9ffdad1900bf397e85e2f583e74f92aba84b7380:
DEBUG: ran git fetch --unshallow origin 82390a2a6c4c271278946d76adeef6f8c6aff042: 9ffdad1900bf397e85e2f583e74f92aba84b7380: in 
DEBUG: LC_ALL=C JX_LOG_LEVEL=error git branch
DEBUG: LC_ALL=C JX_LOG_LEVEL=error git checkout master
DEBUG: ran git checkout master in 
DEBUG: LC_ALL=C JX_LOG_LEVEL=error git reset --hard 9ffdad1900bf397e85e2f583e74f92aba84b7380
DEBUG: ran git reset --hard 9ffdad1900bf397e85e2f583e74f92aba84b7380 in 
DEBUG: LC_ALL=C JX_LOG_LEVEL=error git clean -fd .
DEBUG: ran clean --force -d . in 
DEBUG: LC_ALL=C JX_LOG_LEVEL=error git merge 82390a2a6c4c271278946d76adeef6f8c6aff042
DEBUG: ran git merge 82390a2a6c4c271278946d76adeef6f8c6aff042 in 
DEBUG: LC_ALL=C JX_LOG_LEVEL=error git log --format=%H%x1f%an%x1f%ae%x1f%cn%x1f%ce%x1f%s%n%b%x1e 9ffdad1900bf397e85e2f583e74f92aba84b7380..HEAD
Merged SHA 82390a2a6c4c271278946d76adeef6f8c6aff042 with commit message 'chore: Promote bdd-spring-1583821423 to version 0.0.1' into base branch master

Showing logs for build [32mcb-kubecd-environment-pr-177-15-b7qtf-1[0m stage [32mfrom-build-pack[0m and container [32mstep-build-helm-build[0m
WARNING: No $CHART_REPOSITORY defined so using the default value of: http://jenkins-x-chartmuseum:8080
Adding missing Helm repo: storage.googleapis.com https://storage.googleapis.com/chartmuseum.jenkins-x.io
WARNING: No secrets found on "helm/repos" due: reading the secret "helm/repos" from vault: no secret "helm/repos" not found in vault
Read credentials for https://storage.googleapis.com/chartmuseum.jenkins-x.io from vault helm/repos
Successfully added Helm repository storage.googleapis.com.
Adding missing Helm repo: jenkins-x-chartmuseum http://jenkins-x-chartmuseum:8080
WARNING: No secrets found on "helm/repos" due: reading the secret "helm/repos" from vault: no secret "helm/repos" not found in vault
Read credentials for http://jenkins-x-chartmuseum:8080 from vault helm/repos
Successfully added Helm repository jenkins-x-chartmuseum.
WARNING: No $CHART_REPOSITORY defined so using the default value of: http://jenkins-x-chartmuseum:8080
Adding missing Helm repo: chartmuseum.jenkins-x.io http://chartmuseum.jenkins-x.io
WARNING: No secrets found on "helm/repos" due: reading the secret "helm/repos" from vault: no secret "helm/repos" not found in vault
Read credentials for http://chartmuseum.jenkins-x.io from vault helm/repos
Successfully added Helm repository chartmuseum.jenkins-x.io.
